<?xml version="1.0" encoding="UTF-8"?>
<testng-results ignored="0" total="2" passed="2" failed="0" skipped="0">
  <reporter-output>
    <line>
      <![CDATA[Log Messsage from test method f()]]>
    </line>
    <line>
      <![CDATA[Log Messsage from test method f()]]>
    </line>
  </reporter-output>
  <suite started-at="2021-03-03T19:37:15 IST" name="Suite" finished-at="2021-03-03T19:37:15 IST" duration-ms="176">
    <groups>
    </groups>
    <test started-at="2021-03-03T19:37:15 IST" name="Test" finished-at="2021-03-03T19:37:15 IST" duration-ms="176">
      <class name="day1seleniumframework.NewTest">
        <test-method is-config="true" signature="beforeSuite()[pri:0, instance:day1seleniumframework.NewTest@f2ff811]" started-at="2021-03-03T19:37:15 IST" name="beforeSuite" finished-at="2021-03-03T19:37:15 IST" duration-ms="30" status="PASS">
          <reporter-output>
          </reporter-output>
        </test-method> <!-- beforeSuite -->
        <test-method is-config="true" signature="beforeTest()[pri:0, instance:day1seleniumframework.NewTest@f2ff811]" started-at="2021-03-03T19:37:15 IST" name="beforeTest" finished-at="2021-03-03T19:37:15 IST" duration-ms="4" status="PASS">
          <reporter-output>
          </reporter-output>
        </test-method> <!-- beforeTest -->
        <test-method is-config="true" signature="beforeClass()[pri:0, instance:day1seleniumframework.NewTest@f2ff811]" started-at="2021-03-03T19:37:15 IST" name="beforeClass" finished-at="2021-03-03T19:37:15 IST" duration-ms="2" status="PASS">
          <reporter-output>
          </reporter-output>
        </test-method> <!-- beforeClass -->
        <test-method is-config="true" signature="beforeMethod()[pri:0, instance:day1seleniumframework.NewTest@f2ff811]" started-at="2021-03-03T19:37:15 IST" name="beforeMethod" finished-at="2021-03-03T19:37:15 IST" duration-ms="2" status="PASS">
          <reporter-output>
          </reporter-output>
        </test-method> <!-- beforeMethod -->
        <test-method signature="f(java.lang.String, java.lang.String)[pri:0, instance:day1seleniumframework.NewTest@f2ff811]" started-at="2021-03-03T19:37:15 IST" name="f" data-provider="testdata" finished-at="2021-03-03T19:37:15 IST" duration-ms="26" status="PASS">
          <params>
            <param index="0">
              <value>
                <![CDATA[Username1]]>
              </value>
            </param>
            <param index="1">
              <value>
                <![CDATA[Password1]]>
              </value>
            </param>
          </params>
          <reporter-output>
            <line>
              <![CDATA[Log Messsage from test method f()]]>
            </line>
          </reporter-output>
        </test-method> <!-- f -->
        <test-method is-config="true" signature="afterMethod()[pri:0, instance:day1seleniumframework.NewTest@f2ff811]" started-at="2021-03-03T19:37:15 IST" name="afterMethod" finished-at="2021-03-03T19:37:15 IST" duration-ms="3" status="PASS">
          <reporter-output>
          </reporter-output>
        </test-method> <!-- afterMethod -->
        <test-method is-config="true" signature="beforeMethod()[pri:0, instance:day1seleniumframework.NewTest@f2ff811]" started-at="2021-03-03T19:37:15 IST" name="beforeMethod" finished-at="2021-03-03T19:37:15 IST" duration-ms="4" status="PASS">
          <reporter-output>
          </reporter-output>
        </test-method> <!-- beforeMethod -->
        <test-method signature="f(java.lang.String, java.lang.String)[pri:0, instance:day1seleniumframework.NewTest@f2ff811]" started-at="2021-03-03T19:37:15 IST" name="f" data-provider="testdata" finished-at="2021-03-03T19:37:15 IST" duration-ms="8" status="PASS">
          <params>
            <param index="0">
              <value>
                <![CDATA[Username2]]>
              </value>
            </param>
            <param index="1">
              <value>
                <![CDATA[Password2]]>
              </value>
            </param>
          </params>
          <reporter-output>
            <line>
              <![CDATA[Log Messsage from test method f()]]>
            </line>
          </reporter-output>
        </test-method> <!-- f -->
        <test-method is-config="true" signature="afterMethod()[pri:0, instance:day1seleniumframework.NewTest@f2ff811]" started-at="2021-03-03T19:37:15 IST" name="afterMethod" finished-at="2021-03-03T19:37:15 IST" duration-ms="1" status="PASS">
          <reporter-output>
          </reporter-output>
        </test-method> <!-- afterMethod -->
        <test-method is-config="true" signature="afterClass()[pri:0, instance:day1seleniumframework.NewTest@f2ff811]" started-at="2021-03-03T19:37:15 IST" name="afterClass" finished-at="2021-03-03T19:37:15 IST" duration-ms="3" status="PASS">
          <reporter-output>
          </reporter-output>
        </test-method> <!-- afterClass -->
        <test-method is-config="true" signature="afterTest()[pri:0, instance:day1seleniumframework.NewTest@f2ff811]" started-at="2021-03-03T19:37:15 IST" name="afterTest" finished-at="2021-03-03T19:37:15 IST" duration-ms="1" status="PASS">
          <reporter-output>
          </reporter-output>
        </test-method> <!-- afterTest -->
        <test-method is-config="true" signature="afterSuite()[pri:0, instance:day1seleniumframework.NewTest@f2ff811]" started-at="2021-03-03T19:37:15 IST" name="afterSuite" finished-at="2021-03-03T19:37:15 IST" duration-ms="1" status="PASS">
          <reporter-output>
          </reporter-output>
        </test-method> <!-- afterSuite -->
      </class> <!-- day1seleniumframework.NewTest -->
    </test> <!-- Test -->
  </suite> <!-- Suite -->
</testng-results>
