<?xml version="1.0" encoding="UTF-8"?>
<testng-results ignored="0" total="1" passed="1" failed="0" skipped="0">
  <reporter-output>
  </reporter-output>
  <suite started-at="2021-03-04T19:03:47 IST" name="Default suite" finished-at="2021-03-04T19:03:57 IST" duration-ms="9913">
    <groups>
    </groups>
    <test started-at="2021-03-04T19:03:47 IST" name="Default test" finished-at="2021-03-04T19:03:57 IST" duration-ms="9913">
      <class name="day2testngannotations.SendingValueTest">
        <test-method is-config="true" signature="beforeMethod()[pri:0, instance:day2testngannotations.SendingValueTest@76ed1b7c]" started-at="2021-03-04T19:03:47 IST" name="beforeMethod" finished-at="2021-03-04T19:03:53 IST" duration-ms="5812" status="PASS">
          <reporter-output>
          </reporter-output>
        </test-method> <!-- beforeMethod -->
        <test-method signature="f()[pri:0, instance:day2testngannotations.SendingValueTest@76ed1b7c]" started-at="2021-03-04T19:03:53 IST" name="f" finished-at="2021-03-04T19:03:56 IST" duration-ms="3053" status="PASS">
          <reporter-output>
          </reporter-output>
        </test-method> <!-- f -->
        <test-method is-config="true" signature="afterMethod()[pri:0, instance:day2testngannotations.SendingValueTest@76ed1b7c]" started-at="2021-03-04T19:03:56 IST" name="afterMethod" finished-at="2021-03-04T19:03:57 IST" duration-ms="953" status="PASS">
          <reporter-output>
          </reporter-output>
        </test-method> <!-- afterMethod -->
      </class> <!-- day2testngannotations.SendingValueTest -->
    </test> <!-- Default test -->
  </suite> <!-- Default suite -->
</testng-results>
